<?xml version="1.0" encoding="UTF-8"?>
<!-- Generated by org.testng.reporters.JUnitXMLReporter -->
<testsuite ignored="0" hostname="LAPTOP-G1CNC1LI" failures="0" tests="2" name="TestRunner4" time="18.974" errors="0" timestamp="2022-10-06T15:11:31 IST">
  <testcase classname="com.crm.organization.CreateOrganizationTest" name="createOrganization" time="10.524"/>
  <testcase classname="com.crm.organization.CreateOrganizationTest" name="modifyOrg" time="0.001"/>
</testsuite> <!-- TestRunner4 -->
