<?xml version="1.0" encoding="UTF-8"?>
<!-- Generated by org.testng.reporters.JUnitXMLReporter -->
<testsuite ignored="0" hostname="LAPTOP-G1CNC1LI" failures="0" tests="3" name="Default test" time="56.695" errors="0" timestamp="2022-10-14T12:00:15 IST">
  <testcase classname="practice.DataProvider_Product" name="productDetails" time="22.779"/>
  <testcase classname="practice.DataProvider_Product" name="productDetails" time="16.846"/>
  <testcase classname="practice.DataProvider_Product" name="productDetails" time="16.993"/>
</testsuite> <!-- Default test -->
